# JRE version: Java(TM) SE Runtime Environment (8.0_271-b09) (build 1.8.0_271-b09)
# Java VM: Java HotSpot(TM) 64-Bit Server VM (25.271-b09 mixed mode windows-amd64 compressed oops)
Heap:
 PSYoungGen      total 648704K, used 492404K [0x00000000d5580000, 0x00000000ffd80000, 0x0000000100000000)
  eden space 602624K, 79% used [0x00000000d5580000,0x00000000f2864030,0x00000000fa200000)
  from space 46080K, 31% used [0x00000000fa200000,0x00000000faff92d0,0x00000000fcf00000)
  to   space 44032K, 0% used [0x00000000fd280000,0x00000000fd280000,0x00000000ffd80000)
 ParOldGen       total 232960K, used 95903K [0x0000000080000000, 0x000000008e380000, 0x00000000d5580000)
  object space 232960K, 41% used [0x0000000080000000,0x0000000085da7c00,0x000000008e380000)
 Metaspace       used 101819K, capacity 107983K, committed 109056K, reserved 1142784K
  class space    used 13638K, capacity 14775K, committed 15360K, reserved 1048576K
GC Heap History (10 events):
Event: 16.637 GC heap before
{Heap before GC invocations=15 (full 3):
 PSYoungGen      total 504832K, used 136734K [0x00000000d5580000, 0x00000000fcc80000, 0x0000000100000000)
  eden space 476160K, 22% used [0x00000000d5580000,0x00000000dbf0a740,0x00000000f2680000)
  from space 28672K, 99% used [0x00000000f2680000,0x00000000f427d2a8,0x00000000f4280000)
  to   space 46592K, 0% used [0x00000000f9f00000,0x00000000f9f00000,0x00000000fcc80000)
 ParOldGen       total 137216K, used 76861K [0x0000000080000000, 0x0000000088600000, 0x00000000d5580000)
  object space 137216K, 56% used [0x0000000080000000,0x0000000084b0f430,0x0000000088600000)
 Metaspace       used 91712K, capacity 98331K, committed 98560K, reserved 1134592K
  class space    used 13023K, capacity 14336K, committed 14336K, reserved 1048576K
Event: 16.669 GC heap after
Heap after GC invocations=15 (full 3):
 PSYoungGen      total 596992K, used 33480K [0x00000000d5580000, 0x0000000100000000, 0x0000000100000000)
  eden space 550400K, 0% used [0x00000000d5580000,0x00000000d5580000,0x00000000f6f00000)
  from space 46592K, 71% used [0x00000000f9f00000,0x00000000fbfb21d0,0x00000000fcc80000)
  to   space 49152K, 0% used [0x00000000f6f00000,0x00000000f6f00000,0x00000000f9f00000)
 ParOldGen       total 137216K, used 88905K [0x0000000080000000, 0x0000000088600000, 0x00000000d5580000)
  object space 137216K, 64% used [0x0000000080000000,0x00000000856d2650,0x0000000088600000)
 Metaspace       used 91712K, capacity 98331K, committed 98560K, reserved 1134592K
  class space    used 13023K, capacity 14336K, committed 14336K, reserved 1048576K
}
Event: 16.669 GC heap before
{Heap before GC invocations=16 (full 4):
 PSYoungGen      total 596992K, used 33480K [0x00000000d5580000, 0x0000000100000000, 0x0000000100000000)
  eden space 550400K, 0% used [0x00000000d5580000,0x00000000d5580000,0x00000000f6f00000)
  from space 46592K, 71% used [0x00000000f9f00000,0x00000000fbfb21d0,0x00000000fcc80000)
  to   space 49152K, 0% used [0x00000000f6f00000,0x00000000f6f00000,0x00000000f9f00000)
 ParOldGen       total 137216K, used 88905K [0x0000000080000000, 0x0000000088600000, 0x00000000d5580000)
  object space 137216K, 64% used [0x0000000080000000,0x00000000856d2650,0x0000000088600000)
 Metaspace       used 91712K, capacity 98331K, committed 98560K, reserved 1134592K
  class space    used 13023K, capacity 14336K, committed 14336K, reserved 1048576K
Event: 16.837 GC heap after
Heap after GC invocations=16 (full 4):
 PSYoungGen      total 596992K, used 0K [0x00000000d5580000, 0x0000000100000000, 0x0000000100000000)
  eden space 550400K, 0% used [0x00000000d5580000,0x00000000d5580000,0x00000000f6f00000)
  from space 46592K, 0% used [0x00000000f9f00000,0x00000000f9f00000,0x00000000fcc80000)
  to   space 49152K, 0% used [0x00000000f6f00000,0x00000000f6f00000,0x00000000f9f00000)
 ParOldGen       total 232960K, used 95879K [0x0000000080000000, 0x000000008e380000, 0x00000000d5580000)
  object space 232960K, 41% used [0x0000000080000000,0x0000000085da1c00,0x000000008e380000)
 Metaspace       used 89687K, capacity 93459K, committed 98560K, reserved 1134592K
  class space    used 12292K, capacity 13068K, committed 14336K, reserved 1048576K
}
Event: 80.801 GC heap before
{Heap before GC invocations=17 (full 4):
 PSYoungGen      total 596992K, used 550400K [0x00000000d5580000, 0x0000000100000000, 0x0000000100000000)
  eden space 550400K, 100% used [0x00000000d5580000,0x00000000f6f00000,0x00000000f6f00000)
  from space 46592K, 0% used [0x00000000f9f00000,0x00000000f9f00000,0x00000000fcc80000)
  to   space 49152K, 0% used [0x00000000f6f00000,0x00000000f6f00000,0x00000000f9f00000)
 ParOldGen       total 232960K, used 95879K [0x0000000080000000, 0x000000008e380000, 0x00000000d5580000)
  object space 232960K, 41% used [0x0000000080000000,0x0000000085da1c00,0x000000008e380000)
 Metaspace       used 99555K, capacity 105011K, committed 107264K, reserved 1140736K
  class space    used 13514K, capacity 14571K, committed 15360K, reserved 1048576K
Event: 80.817 GC heap after
Heap after GC invocations=17 (full 4):
 PSYoungGen      total 599552K, used 20960K [0x00000000d5580000, 0x00000000ffe80000, 0x0000000100000000)
  eden space 550400K, 0% used [0x00000000d5580000,0x00000000d5580000,0x00000000f6f00000)
  from space 49152K, 42% used [0x00000000f6f00000,0x00000000f8378118,0x00000000f9f00000)
  to   space 47104K, 0% used [0x00000000fd080000,0x00000000fd080000,0x00000000ffe80000)
 ParOldGen       total 232960K, used 95887K [0x0000000080000000, 0x000000008e380000, 0x00000000d5580000)
  object space 232960K, 41% used [0x0000000080000000,0x0000000085da3c00,0x000000008e380000)
 Metaspace       used 99555K, capacity 105011K, committed 107264K, reserved 1140736K
  class space    used 13514K, capacity 14571K, committed 15360K, reserved 1048576K
}
Event: 206.948 GC heap before
{Heap before GC invocations=18 (full 4):
 PSYoungGen      total 599552K, used 570225K [0x00000000d5580000, 0x00000000ffe80000, 0x0000000100000000)
  eden space 550400K, 99% used [0x00000000d5580000,0x00000000f6de4680,0x00000000f6f00000)
  from space 49152K, 42% used [0x00000000f6f00000,0x00000000f8378118,0x00000000f9f00000)
  to   space 47104K, 0% used [0x00000000fd080000,0x00000000fd080000,0x00000000ffe80000)
 ParOldGen       total 232960K, used 95887K [0x0000000080000000, 0x000000008e380000, 0x00000000d5580000)
  object space 232960K, 41% used [0x0000000080000000,0x0000000085da3c00,0x000000008e380000)
 Metaspace       used 100657K, capacity 106399K, committed 108288K, reserved 1142784K
  class space    used 13560K, capacity 14647K, committed 15360K, reserved 1048576K
Event: 207.046 GC heap after
Heap after GC invocations=18 (full 4):
 PSYoungGen      total 647168K, used 9257K [0x00000000d5580000, 0x00000000ffc00000, 0x0000000100000000)
  eden space 602624K, 0% used [0x00000000d5580000,0x00000000d5580000,0x00000000fa200000)
  from space 44544K, 20% used [0x00000000fd080000,0x00000000fd98a440,0x00000000ffc00000)
  to   space 46080K, 0% used [0x00000000fa200000,0x00000000fa200000,0x00000000fcf00000)
 ParOldGen       total 232960K, used 95895K [0x0000000080000000, 0x000000008e380000, 0x00000000d5580000)
  object space 232960K, 41% used [0x0000000080000000,0x0000000085da5c00,0x000000008e380000)
 Metaspace       used 100657K, capacity 106399K, committed 108288K, reserved 1142784K
  class space    used 13560K, capacity 14647K, committed 15360K, reserved 1048576K
}
Event: 323.718 GC heap before
{Heap before GC invocations=19 (full 4):
 PSYoungGen      total 647168K, used 611881K [0x00000000d5580000, 0x00000000ffc00000, 0x0000000100000000)
  eden space 602624K, 100% used [0x00000000d5580000,0x00000000fa200000,0x00000000fa200000)
  from space 44544K, 20% used [0x00000000fd080000,0x00000000fd98a440,0x00000000ffc00000)
  to   space 46080K, 0% used [0x00000000fa200000,0x00000000fa200000,0x00000000fcf00000)
 ParOldGen       total 232960K, used 95895K [0x0000000080000000, 0x000000008e380000, 0x00000000d5580000)
  object space 232960K, 41% used [0x0000000080000000,0x0000000085da5c00,0x000000008e380000)
 Metaspace       used 101195K, capacity 107037K, committed 108800K, reserved 1142784K
  class space    used 13578K, capacity 14676K, committed 15360K, reserved 1048576K
Event: 323.751 GC heap after
Heap after GC invocations=19 (full 4):
 PSYoungGen      total 648704K, used 14308K [0x00000000d5580000, 0x00000000ffd80000, 0x0000000100000000)
  eden space 602624K, 0% used [0x00000000d5580000,0x00000000d5580000,0x00000000fa200000)
  from space 46080K, 31% used [0x00000000fa200000,0x00000000faff92d0,0x00000000fcf00000)
  to   space 44032K, 0% used [0x00000000fd280000,0x00000000fd280000,0x00000000ffd80000)
 ParOldGen       total 232960K, used 95903K [0x0000000080000000, 0x000000008e380000, 0x00000000d5580000)
  object space 232960K, 41% used [0x0000000080000000,0x0000000085da7c00,0x000000008e380000)
 Metaspace       used 101195K, capacity 107037K, committed 108800K, reserved 1142784K
  class space    used 13578K, capacity 14676K, committed 15360K, reserved 1048576K
}

